<?xml version="1.0" encoding="UTF-8"?>
<!-- Generated by org.testng.reporters.JUnitXMLReporter -->
<testsuite ignored="0" hostname="U-GauravM" failures="2" tests="5" name="Regression Tests" time="11.838" errors="0" timestamp="2024-02-21T11:36:37 IST">
  <testcase classname="com.herokuapp.restfulbookerassignment.CreateBookingTests" name="createBookingTest" time="3.945">
    <failure type="java.lang.AssertionError" message="The following asserts failed:
	firstname in response is not expected expected [Anuj] but found [Dimitry],
	lastname in response is not expected expected [Kumar] but found [Shyshkin],
	additional needs in repsonse is not expected expected [Breakfast] but found [breakfast]">
      <![CDATA[java.lang.AssertionError: The following asserts failed:
firstname in response is not expected expected [Anuj] but found [Dimitry],
lastname in response is not expected expected [Kumar] but found [Shyshkin],
additional needs in repsonse is not expected expected [Breakfast] but found [breakfast]
at com.herokuapp.restfulbookerassignment.CreateBookingTests.createBookingTest(CreateBookingTests.java:47)
at java.base/java.util.ArrayList.forEach(ArrayList.java:1541)
... Removed 29 stack frames]]>
    </failure>
  </testcase> <!-- createBookingTest -->
  <testcase classname="com.herokuapp.restfulbookerassignment.GetBookingTests" name="getBookingTest" time="1.68">
    <failure type="java.lang.AssertionError" message="The following asserts failed:
	firstname in response is not expected expected [Eric] but found [Dimitry],
	lastname in response is not expected expected [Brown] but found [Shyshkin],
	totalprice in response is not expected expected [140] but found [150],
	depositpaid should be true but it is not expected [true] but found [false],
	checkin response is not expected expected [2019-05-29] but found [2020-03-25],
	checkin response is not expected expected [2020-03-04] but found [2020-03-27],
	additional needs in repsonse is not expected expected [Breakfast] but found [breakfast]">
      <![CDATA[java.lang.AssertionError: The following asserts failed:
firstname in response is not expected expected [Eric] but found [Dimitry],
lastname in response is not expected expected [Brown] but found [Shyshkin],
totalprice in response is not expected expected [140] but found [150],
depositpaid should be true but it is not expected [true] but found [false],
checkin response is not expected expected [2019-05-29] but found [2020-03-25],
checkin response is not expected expected [2020-03-04] but found [2020-03-27],
additional needs in repsonse is not expected expected [Breakfast] but found [breakfast]
at com.herokuapp.restfulbookerassignment.GetBookingTests.getBookingTest(GetBookingTests.java:43)
at java.base/java.util.ArrayList.forEach(ArrayList.java:1541)
... Removed 29 stack frames]]>
    </failure>
  </testcase> <!-- getBookingTest -->
  <testcase classname="com.herokuapp.restfulbookerassignment.PartialUpdateBookingTests" name="partialUpdateBookingTest" time="1.547"/>
  <testcase classname="com.herokuapp.restfulbookerassignment.UpdateBookingTests" name="createBookingTest" time="1.388"/>
  <testcase classname="com.herokuapp.restfulbookerassignment.DeleteBookingTests" name="partialUpdateBookingTest" time="2.973"/>
</testsuite> <!-- Regression Tests -->
