<!DOCTYPE html PUBLIC "-//W3C//DTD XHTML 1.1//EN" "https://www.w3.org/TR/xhtml11/DTD/xhtml11.dtd">
<html xmlns="https://www.w3.org/1999/xhtml">
<head>
<meta http-equiv="content-type" content="text/html; charset=UTF-8"/>
<title>TestNG Report</title>
<style type="text/css">table {margin-bottom:10px;border-collapse:collapse;empty-cells:show}th,td {border:1px solid #009;padding:.25em .5em}th {vertical-align:bottom}td {vertical-align:top}table a {font-weight:bold}.stripe td {background-color: #E6EBF9}.num {text-align:right}.passedodd td {background-color: #3F3}.passedeven td {background-color: #0A0}.skippedodd td {background-color: #DDD}.skippedeven td {background-color: #CCC}.failedodd td,.attn {background-color: #F33}.failedeven td,.stripe .attn {background-color: #D00}.stacktrace {white-space:pre;font-family:monospace}.totop {font-size:85%;text-align:center;border-bottom:2px solid #000}.invisible {display:none}</style>
</head>
<body>
<table>
<tr><th>Test</th><th># Passed</th><th># Skipped</th><th># Retried</th><th># Failed</th><th>Time (ms)</th><th>Included Groups</th><th>Excluded Groups</th></tr>
<tr><th colspan="8">Positive Tests Suite</th></tr>
<tr><td><a href="#t0">Positive Tests</a></td><td class="num">2</td><td class="num">0</td><td class="num">0</td><td class="num attn">3</td><td class="num">12,980</td><td></td><td></td></tr>
</table>
<table id='summary'><thead><tr><th>Class</th><th>Method</th><th>Start</th><th>Time (ms)</th></tr></thead><tbody><tr><th colspan="4">Positive Tests Suite</th></tr></tbody><tbody id="t0"><tr><th colspan="4">Positive Tests &#8212; failed</th></tr><tr class="failedeven"><td rowspan="1">com.herokuapp.restfulbookerassignment.CreateBookingTests</td><td><a href="#m0">createBookingTest</a></td><td rowspan="1">1708512346159</td><td rowspan="1">3119</td></tr><tr class="failedodd"><td rowspan="1">com.herokuapp.restfulbookerassignment.GetBookingTests</td><td><a href="#m1">getBookingTest</a></td><td rowspan="1">1708512349283</td><td rowspan="1">1896</td></tr><tr class="failedeven"><td rowspan="1">com.herokuapp.restfulbookerassignment.PartialUpdateBookingTests</td><td><a href="#m2">partialUpdateBookingTest</a></td><td rowspan="1">1708512351181</td><td rowspan="1">2171</td></tr><tr><th colspan="4">Positive Tests &#8212; passed</th></tr><tr class="passedeven"><td rowspan="1">com.herokuapp.restfulbookerassignment.DeleteBookingTests</td><td><a href="#m3">partialUpdateBookingTest</a></td><td rowspan="1">1708512355079</td><td rowspan="1">3704</td></tr><tr class="passedodd"><td rowspan="1">com.herokuapp.restfulbookerassignment.UpdateBookingTests</td><td><a href="#m4">createBookingTest</a></td><td rowspan="1">1708512353354</td><td rowspan="1">1723</td></tr></tbody>
</table>
<h2>Positive Tests</h2><h3 id="m0">com.herokuapp.restfulbookerassignment.CreateBookingTests#createBookingTest</h3><table class="result"><tr><th>Exception</th></tr><tr><td><div class="stacktrace">java.lang.AssertionError: The following asserts failed:
	firstname in response is not expected expected [Anuj] but found [Vijay],
	lastname in response is not expected expected [Kumar] but found [Singhal],
	totalprice in response is not expected expected [150] but found [543],
	checkin response is not expected expected [2020-03-25] but found [2024-09-08],
	checkin response is not expected expected [2020-03-27] but found [2024-09-10],
	additional needs in repsonse is not expected expected [Breakfast] but found [dryer]
	at com.herokuapp.restfulbookerassignment.CreateBookingTests.createBookingTest(CreateBookingTests.java:47)
	at java.base/java.util.ArrayList.forEach(ArrayList.java:1541)
... Removed 29 stack frames</div></td></tr></table><p class="totop"><a href="#summary">back to summary</a></p>
<h3 id="m1">com.herokuapp.restfulbookerassignment.GetBookingTests#getBookingTest</h3><table class="result"><tr><th>Exception</th></tr><tr><td><div class="stacktrace">java.lang.AssertionError: The following asserts failed:
	firstname in response is not expected expected [Eric] but found [Vijay],
	lastname in response is not expected expected [Brown] but found [Singhal],
	totalprice in response is not expected expected [140] but found [543],
	depositpaid should be true but it is not expected [true] but found [false],
	checkin response is not expected expected [2019-05-29] but found [2024-09-08],
	checkin response is not expected expected [2020-03-04] but found [2024-09-10],
	additional needs in repsonse is not expected expected [Breakfast] but found [dryer]
	at com.herokuapp.restfulbookerassignment.GetBookingTests.getBookingTest(GetBookingTests.java:47)
	at java.base/java.util.ArrayList.forEach(ArrayList.java:1541)
... Removed 29 stack frames</div></td></tr></table><p class="totop"><a href="#summary">back to summary</a></p>
<h3 id="m2">com.herokuapp.restfulbookerassignment.PartialUpdateBookingTests#partialUpdateBookingTest</h3><table class="result"><tr><th>Exception</th></tr><tr><td><div class="stacktrace">java.lang.AssertionError: The following asserts failed:
	lastname in response is not expected expected [Shyshkin] but found [Singhal],
	totalprice in response is not expected expected [150] but found [543],
	additional needs in repsonse is not expected expected [breakfast] but found [dryer]
	at com.herokuapp.restfulbookerassignment.PartialUpdateBookingTests.partialUpdateBookingTest(PartialUpdateBookingTests.java:60)
	at java.base/java.util.ArrayList.forEach(ArrayList.java:1541)
... Removed 29 stack frames</div></td></tr></table><p class="totop"><a href="#summary">back to summary</a></p>
<h3 id="m3">com.herokuapp.restfulbookerassignment.DeleteBookingTests#partialUpdateBookingTest</h3><table class="result"><tr><th class="invisible"/></tr></table><p class="totop"><a href="#summary">back to summary</a></p>
<h3 id="m4">com.herokuapp.restfulbookerassignment.UpdateBookingTests#createBookingTest</h3><table class="result"><tr><th class="invisible"/></tr></table><p class="totop"><a href="#summary">back to summary</a></p>
</body>
</html>
