<?xml version="1.0" encoding="UTF-8"?>
<!-- Generated by org.testng.reporters.JUnitReportReporter -->
<testsuite hostname="U-GauravM" failures="1" tests="1" name="com.herokuapp.restfulbookerassignment.GetBookingTests" time="3.204" errors="0" timestamp="2024-01-29T15:06:48 IST" skipped="0">
  <testcase classname="com.herokuapp.restfulbookerassignment.GetBookingTests" name="getBookingTest" time="3.204">
    <failure message="The following asserts failed:
	firstname in response is not expected expected [Eric] but found [Olga],
	lastname in response is not expected expected [Brown] but found [Shyshkin],
	totalprice in response is not expected expected [140] but found [200],
	depositpaid should be true but it is not expected [true] but found [false],
	checkin response is not expected expected [2019-05-29] but found [2020-03-25],
	checkin response is not expected expected [2020-03-04] but found [2020-03-27],
	additional needs in repsonse is not expected expected [Breakfast] but found [Baby crib]" type="java.lang.AssertionError">
      <![CDATA[java.lang.AssertionError: The following asserts failed:
firstname in response is not expected expected [Eric] but found [Olga],
lastname in response is not expected expected [Brown] but found [Shyshkin],
totalprice in response is not expected expected [140] but found [200],
depositpaid should be true but it is not expected [true] but found [false],
checkin response is not expected expected [2019-05-29] but found [2020-03-25],
checkin response is not expected expected [2020-03-04] but found [2020-03-27],
additional needs in repsonse is not expected expected [Breakfast] but found [Baby crib]
at org.testng.asserts.SoftAssert.assertAll(SoftAssert.java:46)
at org.testng.asserts.SoftAssert.assertAll(SoftAssert.java:30)
at com.herokuapp.restfulbookerassignment.GetBookingTests.getBookingTest(GetBookingTests.java:43)
at java.base/jdk.internal.reflect.NativeMethodAccessorImpl.invoke0(Native Method)
at java.base/jdk.internal.reflect.NativeMethodAccessorImpl.invoke(NativeMethodAccessorImpl.java:62)
at java.base/jdk.internal.reflect.DelegatingMethodAccessorImpl.invoke(DelegatingMethodAccessorImpl.java:43)
at java.base/java.lang.reflect.Method.invoke(Method.java:566)
at org.testng.internal.invokers.MethodInvocationHelper.invokeMethod(MethodInvocationHelper.java:139)
at org.testng.internal.invokers.TestInvoker.invokeMethod(TestInvoker.java:664)
at org.testng.internal.invokers.TestInvoker.invokeTestMethod(TestInvoker.java:228)
at org.testng.internal.invokers.MethodRunner.runInSequence(MethodRunner.java:63)
at org.testng.internal.invokers.TestInvoker$MethodInvocationAgent.invoke(TestInvoker.java:961)
at org.testng.internal.invokers.TestInvoker.invokeTestMethods(TestInvoker.java:201)
at org.testng.internal.invokers.TestMethodWorker.invokeTestMethods(TestMethodWorker.java:148)
at org.testng.internal.invokers.TestMethodWorker.run(TestMethodWorker.java:128)
at java.base/java.util.ArrayList.forEach(ArrayList.java:1541)
at org.testng.TestRunner.privateRun(TestRunner.java:819)
at org.testng.TestRunner.run(TestRunner.java:619)
at org.testng.SuiteRunner.runTest(SuiteRunner.java:443)
at org.testng.SuiteRunner.runSequentially(SuiteRunner.java:437)
at org.testng.SuiteRunner.privateRun(SuiteRunner.java:397)
at org.testng.SuiteRunner.run(SuiteRunner.java:336)
at org.testng.SuiteRunnerWorker.runSuite(SuiteRunnerWorker.java:52)
at org.testng.SuiteRunnerWorker.run(SuiteRunnerWorker.java:95)
at org.testng.TestNG.runSuitesSequentially(TestNG.java:1301)
at org.testng.TestNG.runSuitesLocally(TestNG.java:1228)
at org.testng.TestNG.runSuites(TestNG.java:1134)
at org.testng.TestNG.run(TestNG.java:1101)
at org.testng.remote.AbstractRemoteTestNG.run(AbstractRemoteTestNG.java:115)
at org.testng.remote.RemoteTestNG.initAndRun(RemoteTestNG.java:251)
at org.testng.remote.RemoteTestNG.main(RemoteTestNG.java:77)
]]>
    </failure>
  </testcase> <!-- getBookingTest -->
</testsuite> <!-- com.herokuapp.restfulbookerassignment.GetBookingTests -->
